# JRE version: OpenJDK Runtime Environment Microsoft-32931 (17.0.3+7) (build 17.0.3+7-LTS)
# Java VM: OpenJDK 64-Bit Server VM Microsoft-32931 (17.0.3+7-LTS, mixed mode, tiered, compressed oops, compressed class ptrs, g1 gc, windows-amd64)
GC Precious Log:
 CPUs: 12 total, 12 available
 Memory: 7519M
 Large Page Support: Disabled
 NUMA Support: Disabled
 Compressed Oops: Enabled (Zero based)
 Heap Region Size: 32M
 Heap Min Capacity: 32M
 Heap Initial Capacity: 128M
 Heap Max Capacity: 7520M
 Pre-touch: Disabled
 Parallel Workers: 10
 Concurrent Workers: 3
 Concurrent Refinement Workers: 10
 Periodic GC: Disabled
Heap:
 garbage-first heap   total 7700480K, used 4451188K [0x000000062a000000, 0x0000000800000000)
  region size 32768K, 41 young (1343488K), 3 survivors (98304K)
 Metaspace       used 264023K, committed 266304K, reserved 1277952K
  class space    used 40872K, committed 41920K, reserved 1048576K
GC Heap History (20 events):
Event: 526.595 GC heap before
{Heap before GC invocations=166 (full 0):
 garbage-first heap   total 7700480K, used 4624412K [0x000000062a000000, 0x0000000800000000)
  region size 32768K, 47 young (1540096K), 4 survivors (131072K)
 Metaspace       used 263466K, committed 265728K, reserved 1277952K
  class space    used 40797K, committed 41856K, reserved 1048576K
}
Event: 526.630 GC heap after
{Heap after GC invocations=167 (full 0):
 garbage-first heap   total 7700480K, used 3253900K [0x000000062a000000, 0x0000000800000000)
  region size 32768K, 4 young (131072K), 4 survivors (131072K)
 Metaspace       used 263466K, committed 265728K, reserved 1277952K
  class space    used 40797K, committed 41856K, reserved 1048576K
}
Event: 532.324 GC heap before
{Heap before GC invocations=167 (full 0):
 garbage-first heap   total 7700480K, used 4662924K [0x000000062a000000, 0x0000000800000000)
  region size 32768K, 47 young (1540096K), 4 survivors (131072K)
 Metaspace       used 263477K, committed 265792K, reserved 1277952K
  class space    used 40797K, committed 41856K, reserved 1048576K
}
Event: 532.359 GC heap after
{Heap after GC invocations=168 (full 0):
 garbage-first heap   total 7700480K, used 3257586K [0x000000062a000000, 0x0000000800000000)
  region size 32768K, 4 young (131072K), 4 survivors (131072K)
 Metaspace       used 263477K, committed 265792K, reserved 1277952K
  class space    used 40797K, committed 41856K, reserved 1048576K
}
Event: 543.770 GC heap before
{Heap before GC invocations=168 (full 0):
 garbage-first heap   total 7700480K, used 4666610K [0x000000062a000000, 0x0000000800000000)
  region size 32768K, 47 young (1540096K), 4 survivors (131072K)
 Metaspace       used 263488K, committed 265792K, reserved 1277952K
  class space    used 40797K, committed 41856K, reserved 1048576K
}
Event: 543.795 GC heap after
{Heap after GC invocations=169 (full 0):
 garbage-first heap   total 7700480K, used 3258191K [0x000000062a000000, 0x0000000800000000)
  region size 32768K, 4 young (131072K), 4 survivors (131072K)
 Metaspace       used 263488K, committed 265792K, reserved 1277952K
  class space    used 40797K, committed 41856K, reserved 1048576K
}
Event: 552.914 GC heap before
{Heap before GC invocations=169 (full 0):
 garbage-first heap   total 7700480K, used 4667215K [0x000000062a000000, 0x0000000800000000)
  region size 32768K, 47 young (1540096K), 4 survivors (131072K)
 Metaspace       used 263496K, committed 265792K, reserved 1277952K
  class space    used 40797K, committed 41856K, reserved 1048576K
}
Event: 552.945 GC heap after
{Heap after GC invocations=170 (full 0):
 garbage-first heap   total 7700480K, used 3254556K [0x000000062a000000, 0x0000000800000000)
  region size 32768K, 3 young (98304K), 3 survivors (98304K)
 Metaspace       used 263496K, committed 265792K, reserved 1277952K
  class space    used 40797K, committed 41856K, reserved 1048576K
}
Event: 565.629 GC heap before
{Heap before GC invocations=170 (full 0):
 garbage-first heap   total 7700480K, used 6039836K [0x000000062a000000, 0x0000000800000000)
  region size 32768K, 88 young (2883584K), 3 survivors (98304K)
 Metaspace       used 263514K, committed 265792K, reserved 1277952K
  class space    used 40797K, committed 41856K, reserved 1048576K
}
Event: 565.942 GC heap after
{Heap after GC invocations=171 (full 0):
 garbage-first heap   total 7700480K, used 3267215K [0x000000062a000000, 0x0000000800000000)
  region size 32768K, 3 young (98304K), 3 survivors (98304K)
 Metaspace       used 263514K, committed 265792K, reserved 1277952K
  class space    used 40797K, committed 41856K, reserved 1048576K
}
Event: 576.672 GC heap before
{Heap before GC invocations=171 (full 0):
 garbage-first heap   total 7700480K, used 4676239K [0x000000062a000000, 0x0000000800000000)
  region size 32768K, 47 young (1540096K), 3 survivors (98304K)
 Metaspace       used 263634K, committed 265920K, reserved 1277952K
  class space    used 40816K, committed 41856K, reserved 1048576K
}
Event: 576.715 GC heap after
{Heap after GC invocations=172 (full 0):
 garbage-first heap   total 7700480K, used 3269018K [0x000000062a000000, 0x0000000800000000)
  region size 32768K, 3 young (98304K), 3 survivors (98304K)
 Metaspace       used 263634K, committed 265920K, reserved 1277952K
  class space    used 40816K, committed 41856K, reserved 1048576K
}
Event: 587.525 GC heap before
{Heap before GC invocations=172 (full 0):
 garbage-first heap   total 7700480K, used 4710810K [0x000000062a000000, 0x0000000800000000)
  region size 32768K, 47 young (1540096K), 3 survivors (98304K)
 Metaspace       used 263635K, committed 265920K, reserved 1277952K
  class space    used 40816K, committed 41856K, reserved 1048576K
}
Event: 587.927 GC heap after
{Heap after GC invocations=173 (full 0):
 garbage-first heap   total 7700480K, used 3269445K [0x000000062a000000, 0x0000000800000000)
  region size 32768K, 3 young (98304K), 3 survivors (98304K)
 Metaspace       used 263635K, committed 265920K, reserved 1277952K
  class space    used 40816K, committed 41856K, reserved 1048576K
}
Event: 594.937 GC heap before
{Heap before GC invocations=173 (full 0):
 garbage-first heap   total 7700480K, used 4711237K [0x000000062a000000, 0x0000000800000000)
  region size 32768K, 47 young (1540096K), 3 survivors (98304K)
 Metaspace       used 263636K, committed 265920K, reserved 1277952K
  class space    used 40816K, committed 41856K, reserved 1048576K
}
Event: 595.005 GC heap after
{Heap after GC invocations=174 (full 0):
 garbage-first heap   total 7700480K, used 3265094K [0x000000062a000000, 0x0000000800000000)
  region size 32768K, 3 young (98304K), 3 survivors (98304K)
 Metaspace       used 263636K, committed 265920K, reserved 1277952K
  class space    used 40816K, committed 41856K, reserved 1048576K
}
Event: 604.023 GC heap before
{Heap before GC invocations=175 (full 0):
 garbage-first heap   total 7700480K, used 4706886K [0x000000062a000000, 0x0000000800000000)
  region size 32768K, 47 young (1540096K), 3 survivors (98304K)
 Metaspace       used 263670K, committed 265920K, reserved 1277952K
  class space    used 40817K, committed 41856K, reserved 1048576K
}
Event: 604.052 GC heap after
{Heap after GC invocations=176 (full 0):
 garbage-first heap   total 7700480K, used 3270982K [0x000000062a000000, 0x0000000800000000)
  region size 32768K, 3 young (98304K), 3 survivors (98304K)
 Metaspace       used 263670K, committed 265920K, reserved 1277952K
  class space    used 40817K, committed 41856K, reserved 1048576K
}
Event: 613.061 GC heap before
{Heap before GC invocations=176 (full 0):
 garbage-first heap   total 7700480K, used 4712774K [0x000000062a000000, 0x0000000800000000)
  region size 32768K, 47 young (1540096K), 3 survivors (98304K)
 Metaspace       used 263682K, committed 265920K, reserved 1277952K
  class space    used 40817K, committed 41856K, reserved 1048576K
}
Event: 613.145 GC heap after
{Heap after GC invocations=177 (full 0):
 garbage-first heap   total 7700480K, used 3238772K [0x000000062a000000, 0x0000000800000000)
  region size 32768K, 3 young (98304K), 3 survivors (98304K)
 Metaspace       used 263682K, committed 265920K, reserved 1277952K
  class space    used 40817K, committed 41856K, reserved 1048576K
}

