# JRE version: OpenJDK Runtime Environment Microsoft-32931 (17.0.3+7) (build 17.0.3+7-LTS)
# Java VM: OpenJDK 64-Bit Server VM Microsoft-32931 (17.0.3+7-LTS, mixed mode, tiered, compressed oops, compressed class ptrs, g1 gc, windows-amd64)
GC Precious Log:
 CPUs: 12 total, 12 available
 Memory: 7519M
 Large Page Support: Disabled
 NUMA Support: Disabled
 Compressed Oops: Enabled (Zero based)
 Heap Region Size: 32M
 Heap Min Capacity: 32M
 Heap Initial Capacity: 128M
 Heap Max Capacity: 7520M
 Pre-touch: Disabled
 Parallel Workers: 10
 Concurrent Workers: 3
 Concurrent Refinement Workers: 10
 Periodic GC: Disabled
Heap:
 garbage-first heap   total 7208960K, used 3823666K [0x000000062a000000, 0x0000000800000000)
  region size 32768K, 10 young (327680K), 4 survivors (131072K)
 Metaspace       used 278094K, committed 280512K, reserved 1286144K
  class space    used 44066K, committed 45184K, reserved 1048576K
GC Heap History (20 events):
Event: 259.919 GC heap before
{Heap before GC invocations=149 (full 0):
 garbage-first heap   total 5636096K, used 4981372K [0x000000062a000000, 0x0000000800000000)
  region size 32768K, 34 young (1114112K), 3 survivors (98304K)
 Metaspace       used 274341K, committed 276672K, reserved 1286144K
  class space    used 43787K, committed 44864K, reserved 1048576K
}
Event: 260.029 GC heap after
{Heap after GC invocations=150 (full 0):
 garbage-first heap   total 5636096K, used 3977231K [0x000000062a000000, 0x0000000800000000)
  region size 32768K, 3 young (98304K), 3 survivors (98304K)
 Metaspace       used 274341K, committed 276672K, reserved 1286144K
  class space    used 43787K, committed 44864K, reserved 1048576K
}
Event: 264.653 GC heap before
{Heap before GC invocations=150 (full 0):
 garbage-first heap   total 5636096K, used 4993039K [0x000000062a000000, 0x0000000800000000)
  region size 32768K, 34 young (1114112K), 3 survivors (98304K)
 Metaspace       used 275422K, committed 277760K, reserved 1286144K
  class space    used 43891K, committed 44992K, reserved 1048576K
}
Event: 264.818 GC heap after
{Heap after GC invocations=151 (full 0):
 garbage-first heap   total 5636096K, used 3982458K [0x000000062a000000, 0x0000000800000000)
  region size 32768K, 3 young (98304K), 3 survivors (98304K)
 Metaspace       used 275422K, committed 277760K, reserved 1286144K
  class space    used 43891K, committed 44992K, reserved 1048576K
}
Event: 267.442 GC heap before
{Heap before GC invocations=151 (full 0):
 garbage-first heap   total 5636096K, used 4998266K [0x000000062a000000, 0x0000000800000000)
  region size 32768K, 34 young (1114112K), 3 survivors (98304K)
 Metaspace       used 275528K, committed 277952K, reserved 1286144K
  class space    used 43894K, committed 44992K, reserved 1048576K
}
Event: 267.687 GC heap after
{Heap after GC invocations=152 (full 0):
 garbage-first heap   total 5636096K, used 4000925K [0x000000062a000000, 0x0000000800000000)
  region size 32768K, 3 young (98304K), 3 survivors (98304K)
 Metaspace       used 275528K, committed 277952K, reserved 1286144K
  class space    used 43894K, committed 44992K, reserved 1048576K
}
Event: 269.975 GC heap before
{Heap before GC invocations=152 (full 0):
 garbage-first heap   total 5636096K, used 5016733K [0x000000062a000000, 0x0000000800000000)
  region size 32768K, 34 young (1114112K), 3 survivors (98304K)
 Metaspace       used 275580K, committed 277952K, reserved 1286144K
  class space    used 43895K, committed 44992K, reserved 1048576K
}
Event: 270.273 GC heap after
{Heap after GC invocations=153 (full 0):
 garbage-first heap   total 5636096K, used 4004608K [0x000000062a000000, 0x0000000800000000)
  region size 32768K, 3 young (98304K), 3 survivors (98304K)
 Metaspace       used 275580K, committed 277952K, reserved 1286144K
  class space    used 43895K, committed 44992K, reserved 1048576K
}
Event: 272.358 GC heap before
{Heap before GC invocations=153 (full 0):
 garbage-first heap   total 5636096K, used 5020416K [0x000000062a000000, 0x0000000800000000)
  region size 32768K, 34 young (1114112K), 3 survivors (98304K)
 Metaspace       used 275680K, committed 278080K, reserved 1286144K
  class space    used 43897K, committed 44992K, reserved 1048576K
}
Event: 272.622 GC heap after
{Heap after GC invocations=154 (full 0):
 garbage-first heap   total 5636096K, used 4016677K [0x000000062a000000, 0x0000000800000000)
  region size 32768K, 3 young (98304K), 3 survivors (98304K)
 Metaspace       used 275680K, committed 278080K, reserved 1286144K
  class space    used 43897K, committed 44992K, reserved 1048576K
}
Event: 282.573 GC heap before
{Heap before GC invocations=154 (full 0):
 garbage-first heap   total 7208960K, used 5360165K [0x000000062a000000, 0x0000000800000000)
  region size 32768K, 44 young (1441792K), 3 survivors (98304K)
 Metaspace       used 276332K, committed 278720K, reserved 1286144K
  class space    used 43916K, committed 44992K, reserved 1048576K
}
Event: 282.712 GC heap after
{Heap after GC invocations=155 (full 0):
 garbage-first heap   total 7208960K, used 4022299K [0x000000062a000000, 0x0000000800000000)
  region size 32768K, 4 young (131072K), 4 survivors (131072K)
 Metaspace       used 276332K, committed 278720K, reserved 1286144K
  class space    used 43916K, committed 44992K, reserved 1048576K
}
Event: 287.381 GC heap before
{Heap before GC invocations=155 (full 0):
 garbage-first heap   total 7208960K, used 5300251K [0x000000062a000000, 0x0000000800000000)
  region size 32768K, 44 young (1441792K), 4 survivors (131072K)
 Metaspace       used 276524K, committed 278848K, reserved 1286144K
  class space    used 43918K, committed 44992K, reserved 1048576K
}
Event: 287.738 GC heap after
{Heap after GC invocations=156 (full 0):
 garbage-first heap   total 7208960K, used 4013063K [0x000000062a000000, 0x0000000800000000)
  region size 32768K, 3 young (98304K), 3 survivors (98304K)
 Metaspace       used 276524K, committed 278848K, reserved 1286144K
  class space    used 43918K, committed 44992K, reserved 1048576K
}
Event: 292.933 GC heap before
{Heap before GC invocations=157 (full 0):
 garbage-first heap   total 7208960K, used 5356551K [0x000000062a000000, 0x0000000800000000)
  region size 32768K, 44 young (1441792K), 3 survivors (98304K)
 Metaspace       used 276643K, committed 278976K, reserved 1286144K
  class space    used 43918K, committed 44992K, reserved 1048576K
}
Event: 292.973 GC heap after
{Heap after GC invocations=158 (full 0):
 garbage-first heap   total 7208960K, used 4012988K [0x000000062a000000, 0x0000000800000000)
  region size 32768K, 3 young (98304K), 3 survivors (98304K)
 Metaspace       used 276643K, committed 278976K, reserved 1286144K
  class space    used 43918K, committed 44992K, reserved 1048576K
}
Event: 297.753 GC heap before
{Heap before GC invocations=158 (full 0):
 garbage-first heap   total 7208960K, used 5356476K [0x000000062a000000, 0x0000000800000000)
  region size 32768K, 44 young (1441792K), 3 survivors (98304K)
 Metaspace       used 277104K, committed 279488K, reserved 1286144K
  class space    used 43943K, committed 45056K, reserved 1048576K
}
Event: 297.791 GC heap after
{Heap after GC invocations=159 (full 0):
 garbage-first heap   total 7208960K, used 3819707K [0x000000062a000000, 0x0000000800000000)
  region size 32768K, 3 young (98304K), 3 survivors (98304K)
 Metaspace       used 277104K, committed 279488K, reserved 1286144K
  class space    used 43943K, committed 45056K, reserved 1048576K
}
Event: 304.175 GC heap before
{Heap before GC invocations=159 (full 0):
 garbage-first heap   total 7208960K, used 5163195K [0x000000062a000000, 0x0000000800000000)
  region size 32768K, 44 young (1441792K), 3 survivors (98304K)
 Metaspace       used 278084K, committed 280512K, reserved 1286144K
  class space    used 44065K, committed 45184K, reserved 1048576K
}
Event: 304.263 GC heap after
{Heap after GC invocations=160 (full 0):
 garbage-first heap   total 7208960K, used 3659826K [0x000000062a000000, 0x0000000800000000)
  region size 32768K, 4 young (131072K), 4 survivors (131072K)
 Metaspace       used 278084K, committed 280512K, reserved 1286144K
  class space    used 44065K, committed 45184K, reserved 1048576K
}

