# JRE version: OpenJDK Runtime Environment Microsoft-32931 (17.0.3+7) (build 17.0.3+7-LTS)
# Java VM: OpenJDK 64-Bit Server VM Microsoft-32931 (17.0.3+7-LTS, mixed mode, tiered, compressed oops, compressed class ptrs, g1 gc, windows-amd64)
GC Precious Log:
 CPUs: 12 total, 12 available
 Memory: 7519M
 Large Page Support: Disabled
 NUMA Support: Disabled
 Compressed Oops: Enabled (Zero based)
 Heap Region Size: 32M
 Heap Min Capacity: 32M
 Heap Initial Capacity: 128M
 Heap Max Capacity: 7520M
 Pre-touch: Disabled
 Parallel Workers: 10
 Concurrent Workers: 3
 Concurrent Refinement Workers: 10
 Periodic GC: Disabled
Heap:
 garbage-first heap   total 6324224K, used 5832239K [0x000000062a000000, 0x0000000800000000)
  region size 32768K, 30 young (983040K), 4 survivors (131072K)
 Metaspace       used 263853K, committed 266240K, reserved 1277952K
  class space    used 40910K, committed 41984K, reserved 1048576K
GC Heap History (20 events):
Event: 293.273 GC heap before
{Heap before GC invocations=136 (full 0):
 garbage-first heap   total 5865472K, used 4949132K [0x000000062a000000, 0x0000000800000000)
  region size 32768K, 35 young (1146880K), 3 survivors (98304K)
 Metaspace       used 262313K, committed 264640K, reserved 1277952K
  class space    used 40716K, committed 41792K, reserved 1048576K
}
Event: 293.311 GC heap after
{Heap after GC invocations=137 (full 0):
 garbage-first heap   total 5865472K, used 3954640K [0x000000062a000000, 0x0000000800000000)
  region size 32768K, 4 young (131072K), 4 survivors (131072K)
 Metaspace       used 262313K, committed 264640K, reserved 1277952K
  class space    used 40716K, committed 41792K, reserved 1048576K
}
Event: 294.331 GC heap before
{Heap before GC invocations=137 (full 0):
 garbage-first heap   total 5865472K, used 4970448K [0x000000062a000000, 0x0000000800000000)
  region size 32768K, 35 young (1146880K), 4 survivors (131072K)
 Metaspace       used 262341K, committed 264704K, reserved 1277952K
  class space    used 40716K, committed 41792K, reserved 1048576K
}
Event: 294.413 GC heap after
{Heap after GC invocations=138 (full 0):
 garbage-first heap   total 5865472K, used 3994239K [0x000000062a000000, 0x0000000800000000)
  region size 32768K, 4 young (131072K), 4 survivors (131072K)
 Metaspace       used 262341K, committed 264704K, reserved 1277952K
  class space    used 40716K, committed 41792K, reserved 1048576K
}
Event: 296.243 GC heap before
{Heap before GC invocations=138 (full 0):
 garbage-first heap   total 5865472K, used 5010047K [0x000000062a000000, 0x0000000800000000)
  region size 32768K, 35 young (1146880K), 4 survivors (131072K)
 Metaspace       used 262416K, committed 264768K, reserved 1277952K
  class space    used 40716K, committed 41792K, reserved 1048576K
}
Event: 296.307 GC heap after
{Heap after GC invocations=139 (full 0):
 garbage-first heap   total 5865472K, used 3999463K [0x000000062a000000, 0x0000000800000000)
  region size 32768K, 3 young (98304K), 3 survivors (98304K)
 Metaspace       used 262416K, committed 264768K, reserved 1277952K
  class space    used 40716K, committed 41792K, reserved 1048576K
}
Event: 297.771 GC heap before
{Heap before GC invocations=139 (full 0):
 garbage-first heap   total 5865472K, used 5048039K [0x000000062a000000, 0x0000000800000000)
  region size 32768K, 35 young (1146880K), 3 survivors (98304K)
 Metaspace       used 262419K, committed 264768K, reserved 1277952K
  class space    used 40716K, committed 41792K, reserved 1048576K
}
Event: 297.816 GC heap after
{Heap after GC invocations=140 (full 0):
 garbage-first heap   total 5865472K, used 4034022K [0x000000062a000000, 0x0000000800000000)
  region size 32768K, 4 young (131072K), 4 survivors (131072K)
 Metaspace       used 262419K, committed 264768K, reserved 1277952K
  class space    used 40716K, committed 41792K, reserved 1048576K
}
Event: 298.891 GC heap before
{Heap before GC invocations=140 (full 0):
 garbage-first heap   total 5865472K, used 5049830K [0x000000062a000000, 0x0000000800000000)
  region size 32768K, 35 young (1146880K), 4 survivors (131072K)
 Metaspace       used 262489K, committed 264832K, reserved 1277952K
  class space    used 40716K, committed 41792K, reserved 1048576K
}
Event: 299.765 GC heap after
{Heap after GC invocations=141 (full 0):
 garbage-first heap   total 5865472K, used 4392982K [0x000000062a000000, 0x0000000800000000)
  region size 32768K, 5 young (163840K), 5 survivors (163840K)
 Metaspace       used 262489K, committed 264832K, reserved 1277952K
  class space    used 40716K, committed 41792K, reserved 1048576K
}
Event: 301.045 GC heap before
{Heap before GC invocations=141 (full 0):
 garbage-first heap   total 5865472K, used 5376022K [0x000000062a000000, 0x0000000800000000)
  region size 32768K, 35 young (1146880K), 5 survivors (163840K)
 Metaspace       used 263317K, committed 265600K, reserved 1277952K
  class space    used 40865K, committed 41920K, reserved 1048576K
}
Event: 301.261 GC heap after
{Heap after GC invocations=142 (full 0):
 garbage-first heap   total 5931008K, used 4763018K [0x000000062a000000, 0x0000000800000000)
  region size 32768K, 5 young (163840K), 5 survivors (163840K)
 Metaspace       used 263317K, committed 265600K, reserved 1277952K
  class space    used 40865K, committed 41920K, reserved 1048576K
}
Event: 302.282 GC heap before
{Heap before GC invocations=142 (full 0):
 garbage-first heap   total 5931008K, used 5451146K [0x000000062a000000, 0x0000000800000000)
  region size 32768K, 27 young (884736K), 5 survivors (163840K)
 Metaspace       used 263450K, committed 265792K, reserved 1277952K
  class space    used 40890K, committed 41984K, reserved 1048576K
}
Event: 302.391 GC heap after
{Heap after GC invocations=143 (full 0):
 garbage-first heap   total 5931008K, used 4868799K [0x000000062a000000, 0x0000000800000000)
  region size 32768K, 3 young (98304K), 3 survivors (98304K)
 Metaspace       used 263450K, committed 265792K, reserved 1277952K
  class space    used 40890K, committed 41984K, reserved 1048576K
}
Event: 304.514 GC heap before
{Heap before GC invocations=143 (full 0):
 garbage-first heap   total 5931008K, used 5556927K [0x000000062a000000, 0x0000000800000000)
  region size 32768K, 25 young (819200K), 3 survivors (98304K)
 Metaspace       used 263590K, committed 265920K, reserved 1277952K
  class space    used 40904K, committed 41984K, reserved 1048576K
}
Event: 304.607 GC heap after
{Heap after GC invocations=144 (full 0):
 garbage-first heap   total 6324224K, used 4924052K [0x000000062a000000, 0x0000000800000000)
  region size 32768K, 5 young (163840K), 5 survivors (163840K)
 Metaspace       used 263590K, committed 265920K, reserved 1277952K
  class space    used 40904K, committed 41984K, reserved 1048576K
}
Event: 306.164 GC heap before
{Heap before GC invocations=144 (full 0):
 garbage-first heap   total 6324224K, used 5841556K [0x000000062a000000, 0x0000000800000000)
  region size 32768K, 34 young (1114112K), 5 survivors (163840K)
 Metaspace       used 263676K, committed 265984K, reserved 1277952K
  class space    used 40906K, committed 41984K, reserved 1048576K
}
Event: 306.243 GC heap after
{Heap after GC invocations=145 (full 0):
 garbage-first heap   total 6324224K, used 4998941K [0x000000062a000000, 0x0000000800000000)
  region size 32768K, 5 young (163840K), 5 survivors (163840K)
 Metaspace       used 263676K, committed 265984K, reserved 1277952K
  class space    used 40906K, committed 41984K, reserved 1048576K
}
Event: 308.124 GC heap before
{Heap before GC invocations=145 (full 0):
 garbage-first heap   total 6324224K, used 5850909K [0x000000062a000000, 0x0000000800000000)
  region size 32768K, 32 young (1048576K), 5 survivors (163840K)
 Metaspace       used 263830K, committed 266176K, reserved 1277952K
  class space    used 40910K, committed 41984K, reserved 1048576K
}
Event: 308.191 GC heap after
{Heap after GC invocations=146 (full 0):
 garbage-first heap   total 6324224K, used 5045807K [0x000000062a000000, 0x0000000800000000)
  region size 32768K, 4 young (131072K), 4 survivors (131072K)
 Metaspace       used 263830K, committed 266176K, reserved 1277952K
  class space    used 40910K, committed 41984K, reserved 1048576K
}

