# JRE version: OpenJDK Runtime Environment Microsoft-32931 (17.0.3+7) (build 17.0.3+7-LTS)
# Java VM: OpenJDK 64-Bit Server VM Microsoft-32931 (17.0.3+7-LTS, mixed mode, tiered, compressed oops, compressed class ptrs, g1 gc, windows-amd64)
GC Precious Log:
 CPUs: 12 total, 12 available
 Memory: 7519M
 Large Page Support: Disabled
 NUMA Support: Disabled
 Compressed Oops: Enabled (Zero based)
 Heap Region Size: 32M
 Heap Min Capacity: 32M
 Heap Initial Capacity: 128M
 Heap Max Capacity: 7520M
 Pre-touch: Disabled
 Parallel Workers: 10
 Concurrent Workers: 3
 Concurrent Refinement Workers: 10
 Periodic GC: Disabled
Heap:
 garbage-first heap   total 6258688K, used 5511480K [0x000000062a000000, 0x0000000800000000)
  region size 32768K, 35 young (1146880K), 1 survivors (32768K)
 Metaspace       used 285220K, committed 287616K, reserved 1294336K
  class space    used 44729K, committed 45824K, reserved 1048576K
GC Heap History (20 events):
Event: 1149.149 GC heap before
{Heap before GC invocations=422 (full 0):
 garbage-first heap   total 6258688K, used 5470127K [0x000000062a000000, 0x0000000800000000)
  region size 32768K, 38 young (1245184K), 3 survivors (98304K)
 Metaspace       used 285202K, committed 287616K, reserved 1294336K
  class space    used 44729K, committed 45824K, reserved 1048576K
}
Event: 1149.178 GC heap after
{Heap after GC invocations=423 (full 0):
 garbage-first heap   total 6258688K, used 4324434K [0x000000062a000000, 0x0000000800000000)
  region size 32768K, 3 young (98304K), 3 survivors (98304K)
 Metaspace       used 285202K, committed 287616K, reserved 1294336K
  class space    used 44729K, committed 45824K, reserved 1048576K
}
Event: 1150.174 GC heap before
{Heap before GC invocations=423 (full 0):
 garbage-first heap   total 6258688K, used 5471314K [0x000000062a000000, 0x0000000800000000)
  region size 32768K, 38 young (1245184K), 3 survivors (98304K)
 Metaspace       used 285202K, committed 287616K, reserved 1294336K
  class space    used 44729K, committed 45824K, reserved 1048576K
}
Event: 1150.205 GC heap after
{Heap after GC invocations=424 (full 0):
 garbage-first heap   total 6258688K, used 4327013K [0x000000062a000000, 0x0000000800000000)
  region size 32768K, 3 young (98304K), 3 survivors (98304K)
 Metaspace       used 285202K, committed 287616K, reserved 1294336K
  class space    used 44729K, committed 45824K, reserved 1048576K
}
Event: 1151.842 GC heap before
{Heap before GC invocations=424 (full 0):
 garbage-first heap   total 6258688K, used 5473893K [0x000000062a000000, 0x0000000800000000)
  region size 32768K, 38 young (1245184K), 3 survivors (98304K)
 Metaspace       used 285202K, committed 287616K, reserved 1294336K
  class space    used 44729K, committed 45824K, reserved 1048576K
}
Event: 1151.871 GC heap after
{Heap after GC invocations=425 (full 0):
 garbage-first heap   total 6258688K, used 4323170K [0x000000062a000000, 0x0000000800000000)
  region size 32768K, 3 young (98304K), 3 survivors (98304K)
 Metaspace       used 285202K, committed 287616K, reserved 1294336K
  class space    used 44729K, committed 45824K, reserved 1048576K
}
Event: 1153.849 GC heap before
{Heap before GC invocations=425 (full 0):
 garbage-first heap   total 6258688K, used 5470050K [0x000000062a000000, 0x0000000800000000)
  region size 32768K, 38 young (1245184K), 3 survivors (98304K)
 Metaspace       used 285202K, committed 287616K, reserved 1294336K
  class space    used 44729K, committed 45824K, reserved 1048576K
}
Event: 1153.880 GC heap after
{Heap after GC invocations=426 (full 0):
 garbage-first heap   total 6258688K, used 4326039K [0x000000062a000000, 0x0000000800000000)
  region size 32768K, 3 young (98304K), 3 survivors (98304K)
 Metaspace       used 285202K, committed 287616K, reserved 1294336K
  class space    used 44729K, committed 45824K, reserved 1048576K
}
Event: 1156.051 GC heap before
{Heap before GC invocations=426 (full 0):
 garbage-first heap   total 6258688K, used 5472919K [0x000000062a000000, 0x0000000800000000)
  region size 32768K, 38 young (1245184K), 3 survivors (98304K)
 Metaspace       used 285205K, committed 287616K, reserved 1294336K
  class space    used 44729K, committed 45824K, reserved 1048576K
}
Event: 1156.129 GC heap after
{Heap after GC invocations=427 (full 0):
 garbage-first heap   total 6258688K, used 4321849K [0x000000062a000000, 0x0000000800000000)
  region size 32768K, 2 young (65536K), 2 survivors (65536K)
 Metaspace       used 285205K, committed 287616K, reserved 1294336K
  class space    used 44729K, committed 45824K, reserved 1048576K
}
Event: 1157.888 GC heap before
{Heap before GC invocations=427 (full 0):
 garbage-first heap   total 6258688K, used 5468729K [0x000000062a000000, 0x0000000800000000)
  region size 32768K, 38 young (1245184K), 2 survivors (65536K)
 Metaspace       used 285209K, committed 287616K, reserved 1294336K
  class space    used 44729K, committed 45824K, reserved 1048576K
}
Event: 1157.925 GC heap after
{Heap after GC invocations=428 (full 0):
 garbage-first heap   total 6258688K, used 4324961K [0x000000062a000000, 0x0000000800000000)
  region size 32768K, 1 young (32768K), 1 survivors (32768K)
 Metaspace       used 285209K, committed 287616K, reserved 1294336K
  class space    used 44729K, committed 45824K, reserved 1048576K
}
Event: 1158.879 GC heap before
{Heap before GC invocations=428 (full 0):
 garbage-first heap   total 6258688K, used 5537377K [0x000000062a000000, 0x0000000800000000)
  region size 32768K, 38 young (1245184K), 1 survivors (32768K)
 Metaspace       used 285213K, committed 287616K, reserved 1294336K
  class space    used 44729K, committed 45824K, reserved 1048576K
}
Event: 1158.908 GC heap after
{Heap after GC invocations=429 (full 0):
 garbage-first heap   total 6258688K, used 4325590K [0x000000062a000000, 0x0000000800000000)
  region size 32768K, 1 young (32768K), 1 survivors (32768K)
 Metaspace       used 285213K, committed 287616K, reserved 1294336K
  class space    used 44729K, committed 45824K, reserved 1048576K
}
Event: 1159.940 GC heap before
{Heap before GC invocations=429 (full 0):
 garbage-first heap   total 6258688K, used 5406934K [0x000000062a000000, 0x0000000800000000)
  region size 32768K, 31 young (1015808K), 1 survivors (32768K)
 Metaspace       used 285214K, committed 287616K, reserved 1294336K
  class space    used 44729K, committed 45824K, reserved 1048576K
}
Event: 1159.984 GC heap after
{Heap after GC invocations=430 (full 0):
 garbage-first heap   total 6258688K, used 4459056K [0x000000062a000000, 0x0000000800000000)
  region size 32768K, 1 young (32768K), 1 survivors (32768K)
 Metaspace       used 285214K, committed 287616K, reserved 1294336K
  class space    used 44729K, committed 45824K, reserved 1048576K
}
Event: 1160.487 GC heap before
{Heap before GC invocations=430 (full 0):
 garbage-first heap   total 6258688K, used 5016112K [0x000000062a000000, 0x0000000800000000)
  region size 32768K, 18 young (589824K), 1 survivors (32768K)
 Metaspace       used 285218K, committed 287616K, reserved 1294336K
  class space    used 44729K, committed 45824K, reserved 1048576K
}
Event: 1160.507 GC heap after
{Heap after GC invocations=431 (full 0):
 garbage-first heap   total 6258688K, used 4362745K [0x000000062a000000, 0x0000000800000000)
  region size 32768K, 1 young (32768K), 1 survivors (32768K)
 Metaspace       used 285218K, committed 287616K, reserved 1294336K
  class space    used 44729K, committed 45824K, reserved 1048576K
}
Event: 1160.811 GC heap before
{Heap before GC invocations=431 (full 0):
 garbage-first heap   total 6258688K, used 4723193K [0x000000062a000000, 0x0000000800000000)
  region size 32768K, 12 young (393216K), 1 survivors (32768K)
 Metaspace       used 285220K, committed 287616K, reserved 1294336K
  class space    used 44729K, committed 45824K, reserved 1048576K
}
Event: 1160.822 GC heap after
{Heap after GC invocations=432 (full 0):
 garbage-first heap   total 6258688K, used 4397368K [0x000000062a000000, 0x0000000800000000)
  region size 32768K, 1 young (32768K), 1 survivors (32768K)
 Metaspace       used 285220K, committed 287616K, reserved 1294336K
  class space    used 44729K, committed 45824K, reserved 1048576K
}

